[2015-03-27 14:22:34] local.ERROR: exception 'Symfony\Component\Debug\Exception\FatalErrorException' with message 'syntax error, unexpected ';'' in /var/www/projects/ingredientdaddy/storage/framework/views/10285621ba0911b165febf83968e723b:12
Stack trace:
#0 /var/www/projects/ingredientdaddy/storage/framework/compiled.php(1738): Illuminate\Foundation\Bootstrap\HandleExceptions->fatalExceptionFromError(Array)
#1 [internal function]: Illuminate\Foundation\Bootstrap\HandleExceptions->handleShutdown()
#2 {main}  
[2015-03-27 14:23:04] local.ERROR: exception 'Symfony\Component\Debug\Exception\FatalErrorException' with message 'Class 'HTML' not found' in /var/www/projects/ingredientdaddy/storage/framework/views/10285621ba0911b165febf83968e723b:12
Stack trace:
#0 /var/www/projects/ingredientdaddy/storage/framework/compiled.php(1738): Illuminate\Foundation\Bootstrap\HandleExceptions->fatalExceptionFromError(Array)
#1 [internal function]: Illuminate\Foundation\Bootstrap\HandleExceptions->handleShutdown()
#2 {main}  
[2015-03-27 14:23:05] local.ERROR: exception 'Symfony\Component\Debug\Exception\FatalErrorException' with message 'Class 'HTML' not found' in /var/www/projects/ingredientdaddy/storage/framework/views/10285621ba0911b165febf83968e723b:12
Stack trace:
#0 /var/www/projects/ingredientdaddy/storage/framework/compiled.php(1738): Illuminate\Foundation\Bootstrap\HandleExceptions->fatalExceptionFromError(Array)
#1 [internal function]: Illuminate\Foundation\Bootstrap\HandleExceptions->handleShutdown()
#2 {main}  
[2015-03-27 14:23:05] local.ERROR: exception 'Symfony\Component\Debug\Exception\FatalErrorException' with message 'Class 'HTML' not found' in /var/www/projects/ingredientdaddy/storage/framework/views/10285621ba0911b165febf83968e723b:12
Stack trace:
#0 /var/www/projects/ingredientdaddy/storage/framework/compiled.php(1738): Illuminate\Foundation\Bootstrap\HandleExceptions->fatalExceptionFromError(Array)
#1 [internal function]: Illuminate\Foundation\Bootstrap\HandleExceptions->handleShutdown()
#2 {main}  
[2015-03-27 14:23:06] local.ERROR: exception 'Symfony\Component\Debug\Exception\FatalErrorException' with message 'Class 'HTML' not found' in /var/www/projects/ingredientdaddy/storage/framework/views/10285621ba0911b165febf83968e723b:12
Stack trace:
#0 /var/www/projects/ingredientdaddy/storage/framework/compiled.php(1738): Illuminate\Foundation\Bootstrap\HandleExceptions->fatalExceptionFromError(Array)
#1 [internal function]: Illuminate\Foundation\Bootstrap\HandleExceptions->handleShutdown()
#2 {main}  
[2015-03-27 14:23:06] local.ERROR: exception 'Symfony\Component\Debug\Exception\FatalErrorException' with message 'Class 'HTML' not found' in /var/www/projects/ingredientdaddy/storage/framework/views/10285621ba0911b165febf83968e723b:12
Stack trace:
#0 /var/www/projects/ingredientdaddy/storage/framework/compiled.php(1738): Illuminate\Foundation\Bootstrap\HandleExceptions->fatalExceptionFromError(Array)
#1 [internal function]: Illuminate\Foundation\Bootstrap\HandleExceptions->handleShutdown()
#2 {main}  
[2015-03-27 14:23:06] local.ERROR: exception 'Symfony\Component\Debug\Exception\FatalErrorException' with message 'Class 'HTML' not found' in /var/www/projects/ingredientdaddy/storage/framework/views/10285621ba0911b165febf83968e723b:12
Stack trace:
#0 /var/www/projects/ingredientdaddy/storage/framework/compiled.php(1738): Illuminate\Foundation\Bootstrap\HandleExceptions->fatalExceptionFromError(Array)
#1 [internal function]: Illuminate\Foundation\Bootstrap\HandleExceptions->handleShutdown()
#2 {main}  
[2015-03-27 14:23:06] local.ERROR: exception 'Symfony\Component\Debug\Exception\FatalErrorException' with message 'Class 'HTML' not found' in /var/www/projects/ingredientdaddy/storage/framework/views/10285621ba0911b165febf83968e723b:12
Stack trace:
#0 /var/www/projects/ingredientdaddy/storage/framework/compiled.php(1738): Illuminate\Foundation\Bootstrap\HandleExceptions->fatalExceptionFromError(Array)
#1 [internal function]: Illuminate\Foundation\Bootstrap\HandleExceptions->handleShutdown()
#2 {main}  
[2015-03-27 14:23:07] local.ERROR: exception 'Symfony\Component\Debug\Exception\FatalErrorException' with message 'Class 'HTML' not found' in /var/www/projects/ingredientdaddy/storage/framework/views/10285621ba0911b165febf83968e723b:12
Stack trace:
#0 /var/www/projects/ingredientdaddy/storage/framework/compiled.php(1738): Illuminate\Foundation\Bootstrap\HandleExceptions->fatalExceptionFromError(Array)
#1 [internal function]: Illuminate\Foundation\Bootstrap\HandleExceptions->handleShutdown()
#2 {main}  
[2015-03-27 14:23:07] local.ERROR: exception 'Symfony\Component\Debug\Exception\FatalErrorException' with message 'Class 'HTML' not found' in /var/www/projects/ingredientdaddy/storage/framework/views/10285621ba0911b165febf83968e723b:12
Stack trace:
#0 /var/www/projects/ingredientdaddy/storage/framework/compiled.php(1738): Illuminate\Foundation\Bootstrap\HandleExceptions->fatalExceptionFromError(Array)
#1 [internal function]: Illuminate\Foundation\Bootstrap\HandleExceptions->handleShutdown()
#2 {main}  
[2015-03-27 14:23:07] local.ERROR: exception 'Symfony\Component\Debug\Exception\FatalErrorException' with message 'Class 'HTML' not found' in /var/www/projects/ingredientdaddy/storage/framework/views/10285621ba0911b165febf83968e723b:12
Stack trace:
#0 /var/www/projects/ingredientdaddy/storage/framework/compiled.php(1738): Illuminate\Foundation\Bootstrap\HandleExceptions->fatalExceptionFromError(Array)
#1 [internal function]: Illuminate\Foundation\Bootstrap\HandleExceptions->handleShutdown()
#2 {main}  
[2015-03-27 14:23:07] local.ERROR: exception 'Symfony\Component\Debug\Exception\FatalErrorException' with message 'Class 'HTML' not found' in /var/www/projects/ingredientdaddy/storage/framework/views/10285621ba0911b165febf83968e723b:12
Stack trace:
#0 /var/www/projects/ingredientdaddy/storage/framework/compiled.php(1738): Illuminate\Foundation\Bootstrap\HandleExceptions->fatalExceptionFromError(Array)
#1 [internal function]: Illuminate\Foundation\Bootstrap\HandleExceptions->handleShutdown()
#2 {main}  
[2015-03-27 14:24:08] local.ERROR: exception 'Symfony\Component\Debug\Exception\FatalErrorException' with message 'syntax error, unexpected ':'' in /var/www/projects/ingredientdaddy/storage/framework/views/10285621ba0911b165febf83968e723b:12
Stack trace:
#0 /var/www/projects/ingredientdaddy/storage/framework/compiled.php(1738): Illuminate\Foundation\Bootstrap\HandleExceptions->fatalExceptionFromError(Array)
#1 [internal function]: Illuminate\Foundation\Bootstrap\HandleExceptions->handleShutdown()
#2 {main}  
[2015-03-27 14:24:11] local.ERROR: exception 'Symfony\Component\Debug\Exception\FatalErrorException' with message 'syntax error, unexpected ':'' in /var/www/projects/ingredientdaddy/storage/framework/views/10285621ba0911b165febf83968e723b:12
Stack trace:
#0 /var/www/projects/ingredientdaddy/storage/framework/compiled.php(1738): Illuminate\Foundation\Bootstrap\HandleExceptions->fatalExceptionFromError(Array)
#1 [internal function]: Illuminate\Foundation\Bootstrap\HandleExceptions->handleShutdown()
#2 {main}  
[2015-03-27 14:24:12] local.ERROR: exception 'Symfony\Component\Debug\Exception\FatalErrorException' with message 'syntax error, unexpected ':'' in /var/www/projects/ingredientdaddy/storage/framework/views/10285621ba0911b165febf83968e723b:12
Stack trace:
#0 /var/www/projects/ingredientdaddy/storage/framework/compiled.php(1738): Illuminate\Foundation\Bootstrap\HandleExceptions->fatalExceptionFromError(Array)
#1 [internal function]: Illuminate\Foundation\Bootstrap\HandleExceptions->handleShutdown()
#2 {main}  
[2015-03-27 14:24:13] local.ERROR: exception 'Symfony\Component\Debug\Exception\FatalErrorException' with message 'syntax error, unexpected ':'' in /var/www/projects/ingredientdaddy/storage/framework/views/10285621ba0911b165febf83968e723b:12
Stack trace:
#0 /var/www/projects/ingredientdaddy/storage/framework/compiled.php(1738): Illuminate\Foundation\Bootstrap\HandleExceptions->fatalExceptionFromError(Array)
#1 [internal function]: Illuminate\Foundation\Bootstrap\HandleExceptions->handleShutdown()
#2 {main}  
[2015-03-27 14:24:18] local.ERROR: exception 'Symfony\Component\Debug\Exception\FatalErrorException' with message 'syntax error, unexpected ':'' in /var/www/projects/ingredientdaddy/storage/framework/views/10285621ba0911b165febf83968e723b:12
Stack trace:
#0 /var/www/projects/ingredientdaddy/storage/framework/compiled.php(1738): Illuminate\Foundation\Bootstrap\HandleExceptions->fatalExceptionFromError(Array)
#1 [internal function]: Illuminate\Foundation\Bootstrap\HandleExceptions->handleShutdown()
#2 {main}  
[2015-03-27 14:24:34] local.ERROR: exception 'Symfony\Component\Debug\Exception\FatalErrorException' with message 'syntax error, unexpected ':'' in /var/www/projects/ingredientdaddy/storage/framework/views/10285621ba0911b165febf83968e723b:12
Stack trace:
#0 /var/www/projects/ingredientdaddy/storage/framework/compiled.php(1738): Illuminate\Foundation\Bootstrap\HandleExceptions->fatalExceptionFromError(Array)
#1 [internal function]: Illuminate\Foundation\Bootstrap\HandleExceptions->handleShutdown()
#2 {main}  
[2015-03-27 14:24:35] local.ERROR: exception 'Symfony\Component\Debug\Exception\FatalErrorException' with message 'syntax error, unexpected ':'' in /var/www/projects/ingredientdaddy/storage/framework/views/10285621ba0911b165febf83968e723b:12
Stack trace:
#0 /var/www/projects/ingredientdaddy/storage/framework/compiled.php(1738): Illuminate\Foundation\Bootstrap\HandleExceptions->fatalExceptionFromError(Array)
#1 [internal function]: Illuminate\Foundation\Bootstrap\HandleExceptions->handleShutdown()
#2 {main}  
[2015-03-27 14:25:19] local.ERROR: exception 'Symfony\Component\Debug\Exception\FatalErrorException' with message 'syntax error, unexpected ';'' in /var/www/projects/ingredientdaddy/storage/framework/views/10285621ba0911b165febf83968e723b:12
Stack trace:
#0 /var/www/projects/ingredientdaddy/storage/framework/compiled.php(1738): Illuminate\Foundation\Bootstrap\HandleExceptions->fatalExceptionFromError(Array)
#1 [internal function]: Illuminate\Foundation\Bootstrap\HandleExceptions->handleShutdown()
#2 {main}  
[2015-03-27 14:25:20] local.ERROR: exception 'Symfony\Component\Debug\Exception\FatalErrorException' with message 'syntax error, unexpected ';'' in /var/www/projects/ingredientdaddy/storage/framework/views/10285621ba0911b165febf83968e723b:12
Stack trace:
#0 /var/www/projects/ingredientdaddy/storage/framework/compiled.php(1738): Illuminate\Foundation\Bootstrap\HandleExceptions->fatalExceptionFromError(Array)
#1 [internal function]: Illuminate\Foundation\Bootstrap\HandleExceptions->handleShutdown()
#2 {main}  
[2015-03-27 14:25:20] local.ERROR: exception 'Symfony\Component\Debug\Exception\FatalErrorException' with message 'syntax error, unexpected ';'' in /var/www/projects/ingredientdaddy/storage/framework/views/10285621ba0911b165febf83968e723b:12
Stack trace:
#0 /var/www/projects/ingredientdaddy/storage/framework/compiled.php(1738): Illuminate\Foundation\Bootstrap\HandleExceptions->fatalExceptionFromError(Array)
#1 [internal function]: Illuminate\Foundation\Bootstrap\HandleExceptions->handleShutdown()
#2 {main}  
[2015-03-27 14:25:21] local.ERROR: exception 'Symfony\Component\Debug\Exception\FatalErrorException' with message 'syntax error, unexpected ';'' in /var/www/projects/ingredientdaddy/storage/framework/views/10285621ba0911b165febf83968e723b:12
Stack trace:
#0 /var/www/projects/ingredientdaddy/storage/framework/compiled.php(1738): Illuminate\Foundation\Bootstrap\HandleExceptions->fatalExceptionFromError(Array)
#1 [internal function]: Illuminate\Foundation\Bootstrap\HandleExceptions->handleShutdown()
#2 {main}  
